The system is: Windows - 10.0.19044 - AMD64
Compiling the C compiler identification source file "CMakeCCompilerId.c" succeeded.
Compiler: C:/Program Files/Microsoft Visual Studio/2022/Community/VC/Tools/MSVC/14.32.31326/bin/Hostx86/x86/cl.exe 
Build flags: 
Id flags:  

The output was:
0
Compilador de optimización de C/C++ de Microsoft (R) versión 19.32.31332 para x86
(C) Microsoft Corporation. Todos los derechos reservados.

CMakeCCompilerId.c
Microsoft (R) Incremental Linker Version 14.32.31332.0
Copyright (C) Microsoft Corporation.  All rights reserved.

/out:CMakeCCompilerId.exe 
CMakeCCompilerId.obj 


Compilation of the C compiler identification source "CMakeCCompilerId.c" produced "CMakeCCompilerId.exe"

Compilation of the C compiler identification source "CMakeCCompilerId.c" produced "CMakeCCompilerId.obj"

The C compiler identification is MSVC, found in "D:/Raspberry/Dron/build/elf2uf2/CMakeFiles/3.24.0/CompilerIdC/CMakeCCompilerId.exe"

Compiling the CXX compiler identification source file "CMakeCXXCompilerId.cpp" succeeded.
Compiler: C:/Program Files/Microsoft Visual Studio/2022/Community/VC/Tools/MSVC/14.32.31326/bin/Hostx86/x86/cl.exe 
Build flags: 
Id flags:  

The output was:
0
Compilador de optimización de C/C++ de Microsoft (R) versión 19.32.31332 para x86
(C) Microsoft Corporation. Todos los derechos reservados.

CMakeCXXCompilerId.cpp
Microsoft (R) Incremental Linker Version 14.32.31332.0
Copyright (C) Microsoft Corporation.  All rights reserved.

/out:CMakeCXXCompilerId.exe 
CMakeCXXCompilerId.obj 


Compilation of the CXX compiler identification source "CMakeCXXCompilerId.cpp" produced "CMakeCXXCompilerId.exe"

Compilation of the CXX compiler identification source "CMakeCXXCompilerId.cpp" produced "CMakeCXXCompilerId.obj"

The CXX compiler identification is MSVC, found in "D:/Raspberry/Dron/build/elf2uf2/CMakeFiles/3.24.0/CompilerIdCXX/CMakeCXXCompilerId.exe"

Detecting C compiler ABI info compiled with the following output:
Change Dir: D:/Raspberry/Dron/build/elf2uf2/CMakeFiles/CMakeTmp

Run Build Command(s):nmake -f Makefile /nologo cmTC_8abc7\fast && 	"C:\Program Files\Microsoft Visual Studio\2022\Community\VC\Tools\MSVC\14.32.31326\bin\HostX86\x86\nmake.exe"  -f CMakeFiles\cmTC_8abc7.dir\build.make /nologo -L                  CMakeFiles\cmTC_8abc7.dir\build
Building C object CMakeFiles/cmTC_8abc7.dir/CMakeCCompilerABI.c.obj
	D:\Cmake\bin\cmake.exe -E cmake_cl_compile_depends --dep-file=CMakeFiles\cmTC_8abc7.dir\CMakeCCompilerABI.c.obj.d --working-dir=D:\Raspberry\Dron\build\elf2uf2\CMakeFiles\CMakeTmp --filter-prefix="Nota: inclusi¾n del archivo: " -- C:\PROGRA~1\MICROS~3\2022\COMMUN~1\VC\Tools\MSVC\1432~1.313\bin\Hostx86\x86\cl.exe @C:\Users\USER\AppData\Local\Temp\nm80F0.tmp
CMakeCCompilerABI.c
Linking C executable cmTC_8abc7.exe
	D:\Cmake\bin\cmake.exe -E vs_link_exe --intdir=CMakeFiles\cmTC_8abc7.dir --rc=C:\PROGRA~2\WI3CF2~1\10\bin\100190~1.0\x86\rc.exe --mt=C:\PROGRA~2\WI3CF2~1\10\bin\100190~1.0\x86\mt.exe --manifests -- C:\PROGRA~1\MICROS~3\2022\COMMUN~1\VC\Tools\MSVC\1432~1.313\bin\Hostx86\x86\link.exe /nologo @CMakeFiles\cmTC_8abc7.dir\objects1.rsp @C:\Users\USER\AppData\Local\Temp\nm8323.tmp



Detecting CXX compiler ABI info compiled with the following output:
Change Dir: D:/Raspberry/Dron/build/elf2uf2/CMakeFiles/CMakeTmp

Run Build Command(s):nmake -f Makefile /nologo cmTC_228be\fast && 	"C:\Program Files\Microsoft Visual Studio\2022\Community\VC\Tools\MSVC\14.32.31326\bin\HostX86\x86\nmake.exe"  -f CMakeFiles\cmTC_228be.dir\build.make /nologo -L                  CMakeFiles\cmTC_228be.dir\build
Building CXX object CMakeFiles/cmTC_228be.dir/CMakeCXXCompilerABI.cpp.obj
	D:\Cmake\bin\cmake.exe -E cmake_cl_compile_depends --dep-file=CMakeFiles\cmTC_228be.dir\CMakeCXXCompilerABI.cpp.obj.d --working-dir=D:\Raspberry\Dron\build\elf2uf2\CMakeFiles\CMakeTmp --filter-prefix="Nota: inclusi¾n del archivo: " -- C:\PROGRA~1\MICROS~3\2022\COMMUN~1\VC\Tools\MSVC\1432~1.313\bin\Hostx86\x86\cl.exe @C:\Users\USER\AppData\Local\Temp\nm8833.tmp
CMakeCXXCompilerABI.cpp
Linking CXX executable cmTC_228be.exe
	D:\Cmake\bin\cmake.exe -E vs_link_exe --intdir=CMakeFiles\cmTC_228be.dir --rc=C:\PROGRA~2\WI3CF2~1\10\bin\100190~1.0\x86\rc.exe --mt=C:\PROGRA~2\WI3CF2~1\10\bin\100190~1.0\x86\mt.exe --manifests -- C:\PROGRA~1\MICROS~3\2022\COMMUN~1\VC\Tools\MSVC\1432~1.313\bin\Hostx86\x86\link.exe /nologo @CMakeFiles\cmTC_228be.dir\objects1.rsp @C:\Users\USER\AppData\Local\Temp\nm890F.tmp



